<?xml version="1.0" encoding="UTF-8"?>
<!-- Generated by org.testng.reporters.JUnitXMLReporter -->
<testsuite hostname="IDVT-03-22" ignored="0" name="Test" tests="1" failures="1" timestamp="07 Jun 2021 13:38:17 GMT" time="63.087" errors="0">
  <testcase name="PDSearchTrainee" time="51.131" classname="T_Res_New.PDSearchCreatedTrainee">
    <failure type="org.openqa.selenium.ElementClickInterceptedException" message="element click intercepted: Element &amp;lt;li class=&amp;quot;rcbItem&amp;quot;&amp;gt;...&amp;lt;/li&amp;gt; is not clickable at point (1118, 340). Other element would receive the click: &amp;lt;input name=&amp;quot;ctl00$ctl00$CtlContentWell$ContentPlaceHolder$TraineeTable$ctl00$ctl02$ctl02$StatusComboBox&amp;quot; type=&amp;quot;text&amp;quot; class=&amp;quot;rcbInput radPreventDecorate&amp;quot; id=&amp;quot;ctl00_ctl00_CtlContentWell_ContentPlaceHolder_TraineeTable_ctl00_ctl02_ctl02_StatusComboBox_Input&amp;quot; value=&amp;quot;Active&amp;quot; readonly=&amp;quot;readonly&amp;quot; autocomplete=&amp;quot;off&amp;quot;&amp;gt;
  (Session info: chrome=91.0.4472.77)
Build info: version: &amp;apos;3.141.59&amp;apos;, revision: &amp;apos;e82be7d358&amp;apos;, time: &amp;apos;2018-11-14T08:17:03&amp;apos;
System info: host: &amp;apos;IDVT-03-22&amp;apos;, ip: &amp;apos;192.168.1.6&amp;apos;, os.name: &amp;apos;Windows 10&amp;apos;, os.arch: &amp;apos;amd64&amp;apos;, os.version: &amp;apos;10.0&amp;apos;, java.version: &amp;apos;1.8.0_101&amp;apos;
Driver info: org.openqa.selenium.chrome.ChromeDriver
Capabilities {acceptInsecureCerts: false, browserName: chrome, browserVersion: 91.0.4472.77, chrome: {chromedriverVersion: 91.0.4472.19 (1bf021f248676..., userDataDir: C:\Users\SUMIT~2.SAB\AppDat...}, goog:chromeOptions: {debuggerAddress: localhost:56141}, javascriptEnabled: true, networkConnectionEnabled: false, pageLoadStrategy: normal, platform: WINDOWS, platformName: WINDOWS, proxy: Proxy(), setWindowRect: true, strictFileInteractability: false, timeouts: {implicit: 0, pageLoad: 300000, script: 30000}, unhandledPromptBehavior: dismiss and notify, webauthn:extension:largeBlob: true, webauthn:virtualAuthenticators: true}
Session ID: 1c75e5e257956aa7da333092dfb7100f">
      <![CDATA[org.openqa.selenium.ElementClickInterceptedException: element click intercepted: Element <li class="rcbItem">...</li> is not clickable at point (1118, 340). Other element would receive the click: <input name="ctl00$ctl00$CtlContentWell$ContentPlaceHolder$TraineeTable$ctl00$ctl02$ctl02$StatusComboBox" type="text" class="rcbInput radPreventDecorate" id="ctl00_ctl00_CtlContentWell_ContentPlaceHolder_TraineeTable_ctl00_ctl02_ctl02_StatusComboBox_Input" value="Active" readonly="readonly" autocomplete="off">
  (Session info: chrome=91.0.4472.77)
Build info: version: '3.141.59', revision: 'e82be7d358', time: '2018-11-14T08:17:03'
System info: host: 'IDVT-03-22', ip: '192.168.1.6', os.name: 'Windows 10', os.arch: 'amd64', os.version: '10.0', java.version: '1.8.0_101'
Driver info: org.openqa.selenium.chrome.ChromeDriver
Capabilities {acceptInsecureCerts: false, browserName: chrome, browserVersion: 91.0.4472.77, chrome: {chromedriverVersion: 91.0.4472.19 (1bf021f248676..., userDataDir: C:\Users\SUMIT~2.SAB\AppDat...}, goog:chromeOptions: {debuggerAddress: localhost:56141}, javascriptEnabled: true, networkConnectionEnabled: false, pageLoadStrategy: normal, platform: WINDOWS, platformName: WINDOWS, proxy: Proxy(), setWindowRect: true, strictFileInteractability: false, timeouts: {implicit: 0, pageLoad: 300000, script: 30000}, unhandledPromptBehavior: dismiss and notify, webauthn:extension:largeBlob: true, webauthn:virtualAuthenticators: true}
Session ID: 1c75e5e257956aa7da333092dfb7100f
at org.openqa.selenium.remote.http.W3CHttpResponseCodec.createException(W3CHttpResponseCodec.java:187)
at org.openqa.selenium.remote.http.W3CHttpResponseCodec.decode(W3CHttpResponseCodec.java:122)
at org.openqa.selenium.remote.http.W3CHttpResponseCodec.decode(W3CHttpResponseCodec.java:49)
at org.openqa.selenium.remote.HttpCommandExecutor.execute(HttpCommandExecutor.java:158)
at org.openqa.selenium.remote.service.DriverCommandExecutor.execute(DriverCommandExecutor.java:83)
at org.openqa.selenium.remote.RemoteWebDriver.execute(RemoteWebDriver.java:552)
at org.openqa.selenium.remote.RemoteWebElement.execute(RemoteWebElement.java:285)
at org.openqa.selenium.remote.RemoteWebElement.click(RemoteWebElement.java:84)
at org.openqa.selenium.support.pagefactory.internal.LocatingElementHandler.invoke(LocatingElementHandler.java:51)
at com.sun.proxy.$Proxy9.click(Unknown Source)
at T_Res_New.PDSearchCreatedTrainee.PDSearchTrainee(PDSearchCreatedTrainee.java:57)
... Removed 33 stack frames]]>
    </failure>
  </testcase> <!-- PDSearchTrainee -->
</testsuite> <!-- Test -->
